Watching for file changes with StatReloader
Waiting for apps ready_event.
Apps ready_event triggered. Sending autoreload_started signal.
Watching dir B:\Triversy-Media\studybud\templates with glob **/*.
Watching dir B:\Triversy-Media\studybud\base\templates with glob **/*.
Watching dir B:\Triversy-Media\studybud\locale with glob **/*.mo.
Watching dir B:\Triversy-Media\studybud\base\locale with glob **/*.mo.
(0.000) 
            SELECT name, type FROM sqlite_master
            WHERE type in ('table', 'view') AND NOT name='sqlite_sequence'
            ORDER BY name; args=None; alias=default
(0.000) SELECT "django_migrations"."id", "django_migrations"."app", "django_migrations"."name", "django_migrations"."applied" FROM "django_migrations"; args=(); alias=default
File B:\Triversy-Media\studybud\venv\Lib\site-packages\django\db\backends\base\introspection.py first seen with mtime 1690264041.0087905
File C:\Python311\Lib\html\parser.py first seen with mtime 1686099618.0
File C:\Python311\Lib\logging\__init__.py first seen with mtime 1686099618.0
File B:\Triversy-Media\studybud\venv\Lib\site-packages\_virtualenv.py first seen with mtime 1690264004.0587006
File C:\Python311\Lib\dis.py first seen with mtime 1686099618.0
File B:\Triversy-Media\studybud\venv\Lib\site-packages\django\db\models\lookups.py first seen with mtime 1690264041.096791
File B:\Triversy-Media\studybud\venv\Lib\site-packages\sqlparse\filters\others.py first seen with mtime 1690264034.2039986
File C:\Python311\Lib\ast.py first seen with mtime 1686099618.0
File C:\Python311\Lib\email\_parseaddr.py first seen with mtime 1686099618.0
File B:\Triversy-Media\studybud\venv\Lib\site-packages\sqlparse\keywords.py first seen with mtime 1690264034.1949973
File B:\Triversy-Media\studybud\venv\Lib\site-packages\django\views\static.py first seen with mtime 1690264041.3647912
File B:\Triversy-Media\studybud\venv\Lib\site-packages\django\template\base.py first seen with mtime 1690264041.2637932
File B:\Triversy-Media\studybud\venv\Lib\site-packages\django\utils\functional.py first seen with mtime 1690264041.3267944
File C:\Python311\Lib\getpass.py first seen with mtime 1686099618.0
File B:\Triversy-Media\studybud\venv\Lib\site-packages\django\db\models\fields\json.py first seen with mtime 1690264041.1107893
File B:\Triversy-Media\studybud\venv\Lib\site-packages\django\template\loaders\filesystem.py first seen with mtime 1690264041.2867925
File B:\Triversy-Media\studybud\venv\Lib\site-packages\django\conf\__init__.py first seen with mtime 1690264035.5347612
File B:\Triversy-Media\studybud\venv\Lib\site-packages\django\db\models\constraints.py first seen with mtime 1690264041.0887911
File B:\Triversy-Media\studybud\venv\Lib\site-packages\django\core\checks\async_checks.py first seen with mtime 1690264040.9197886
File B:\Triversy-Media\studybud\venv\Lib\site-packages\django\utils\timesince.py first seen with mtime 1690264041.3477893
File B:\Triversy-Media\studybud\venv\Lib\site-packages\django\shortcuts.py first seen with mtime 1690264035.5307617
File C:\Python311\Lib\asyncio\runners.py first seen with mtime 1686099618.0
File B:\Triversy-Media\studybud\venv\Lib\site-packages\django\db\backends\signals.py first seen with mtime 1690264041.0007908
File C:\Python311\DLLs\_decimal.pyd first seen with mtime 1686099694.0
File B:\Triversy-Media\studybud\venv\Lib\site-packages\django\contrib\__init__.py first seen with mtime 1690264035.9647615
File B:\Triversy-Media\studybud\venv\Lib\site-packages\django\urls\converters.py first seen with mtime 1690264041.30379
File B:\Triversy-Media\studybud\venv\Lib\site-packages\django\utils\formats.py first seen with mtime 1690264041.3257928
File B:\Triversy-Media\studybud\venv\Lib\site-packages\django\utils\translation\trans_real.py first seen with mtime 1690264041.3577921
File B:\Triversy-Media\studybud\venv\Lib\site-packages\django\template\backends\django.py first seen with mtime 1690264041.2797887
File C:\Python311\Lib\asyncio\windows_events.py first seen with mtime 1686099618.0
File C:\Python311\Lib\json\encoder.py first seen with mtime 1686099618.0
File B:\Triversy-Media\studybud\venv\Lib\site-packages\django\core\files\base.py first seen with mtime 1690264040.932789
File C:\Python311\Lib\traceback.py first seen with mtime 1686099618.0
File C:\Python311\Lib\locale.py first seen with mtime 1686099618.0
File B:\Triversy-Media\studybud\venv\Lib\site-packages\django\contrib\auth\__init__.py first seen with mtime 1690264037.0817618
File C:\Python311\Lib\asyncio\log.py first seen with mtime 1686099618.0
File B:\Triversy-Media\studybud\venv\Lib\site-packages\django\core\checks\model_checks.py first seen with mtime 1690264040.9237902
File B:\Triversy-Media\studybud\venv\Lib\site-packages\django\db\backends\sqlite3\client.py first seen with mtime 1690264041.0527935
File C:\Python311\DLLs\_queue.pyd first seen with mtime 1686099694.0
File C:\Python311\Lib\asyncio\sslproto.py first seen with mtime 1686099618.0
File C:\Python311\Lib\email\mime\base.py first seen with mtime 1686099618.0
File C:\Python311\Lib\multiprocessing\process.py first seen with mtime 1686099618.0
File C:\Python311\Lib\wsgiref\simple_server.py first seen with mtime 1686099618.0
File B:\Triversy-Media\studybud\venv\Lib\site-packages\django\core\checks\security\base.py first seen with mtime 1690264040.9297886
File B:\Triversy-Media\studybud\venv\Lib\site-packages\django\db\migrations\operations\base.py first seen with mtime 1690264041.077793
File C:\Python311\Lib\_markupbase.py first seen with mtime 1686099618.0
File B:\Triversy-Media\studybud\venv\Lib\site-packages\django\utils\termcolors.py first seen with mtime 1690264041.344792
File B:\Triversy-Media\studybud\venv\Lib\site-packages\django\utils\version.py first seen with mtime 1690264041.3517945
File B:\Triversy-Media\studybud\venv\Lib\site-packages\django\db\backends\base\client.py first seen with mtime 1690264041.0057926
File B:\Triversy-Media\studybud\venv\Lib\site-packages\django\core\checks\caches.py first seen with mtime 1690264040.9207919
File B:\Triversy-Media\studybud\venv\Lib\site-packages\django\utils\deconstruct.py first seen with mtime 1690264041.318793
File C:\Python311\Lib\hashlib.py first seen with mtime 1686099618.0
File B:\Triversy-Media\studybud\venv\Lib\site-packages\django\db\models\manager.py first seen with mtime 1690264041.097792
File B:\Triversy-Media\studybud\venv\Lib\site-packages\sqlparse\filters\tokens.py first seen with mtime 1690264034.208742
File B:\Triversy-Media\studybud\venv\Lib\site-packages\django\template\exceptions.py first seen with mtime 1690264041.2707944
File C:\Python311\Lib\asyncio\futures.py first seen with mtime 1686099618.0
File B:\Triversy-Media\studybud\venv\Lib\site-packages\django\db\models\query_utils.py first seen with mtime 1690264041.1017933
File C:\Python311\Lib\quopri.py first seen with mtime 1686099618.0
File B:\Triversy-Media\studybud\venv\Lib\site-packages\django\core\serializers\python.py first seen with mtime 1690264040.9917886
File B:\Triversy-Media\studybud\venv\Lib\site-packages\django\contrib\admin\templatetags\admin_list.py first seen with mtime 1690264036.8277602
File B:\Triversy-Media\studybud\venv\Lib\site-packages\django\core\checks\messages.py first seen with mtime 1690264040.9217892
File C:\Python311\Lib\urllib\request.py first seen with mtime 1686099618.0
File C:\Python311\Lib\http\server.py first seen with mtime 1686099618.0
File C:\Python311\Lib\_compression.py first seen with mtime 1686099618.0
File B:\Triversy-Media\studybud\venv\Lib\site-packages\django\core\cache\__init__.py first seen with mtime 1690264040.90979
File B:\Triversy-Media\studybud\venv\Lib\site-packages\django\templatetags\cache.py first seen with mtime 1690264041.2897925
File C:\Python311\Lib\reprlib.py first seen with mtime 1686099618.0
File B:\Triversy-Media\studybud\base\models.py first seen with mtime 1690820987.3052714
File C:\Python311\Lib\asyncio\trsock.py first seen with mtime 1686099618.0
File B:\Triversy-Media\studybud\venv\Lib\site-packages\django\contrib\messages\api.py first seen with mtime 1690264039.3908396
File C:\Python311\Lib\asyncio\subprocess.py first seen with mtime 1686099618.0
File B:\Triversy-Media\studybud\venv\Lib\site-packages\django\utils\decorators.py first seen with mtime 1690264041.319791
File B:\Triversy-Media\studybud\venv\Lib\site-packages\django\core\__init__.py first seen with mtime 1690264040.903789
File C:\Python311\Lib\asyncio\transports.py first seen with mtime 1686099618.0
File B:\Triversy-Media\studybud\venv\Lib\site-packages\django\core\files\storage\base.py first seen with mtime 1690264040.9417908
File B:\Triversy-Media\studybud\venv\Lib\site-packages\django\templatetags\__init__.py first seen with mtime 1690264041.288793
File B:\Triversy-Media\studybud\venv\Lib\site-packages\django\db\models\sql\query.py first seen with mtime 1690264041.141791
File B:\Triversy-Media\studybud\venv\Lib\site-packages\django\contrib\admin\utils.py first seen with mtime 1690264035.9907649
File B:\Triversy-Media\studybud\venv\Lib\site-packages\django\urls\utils.py first seen with mtime 1690264041.3067913
File C:\Python311\Lib\concurrent\futures\_base.py first seen with mtime 1686099618.0
File B:\Triversy-Media\studybud\venv\Lib\site-packages\django\db\models\functions\datetime.py first seen with mtime 1690264041.1288521
File C:\Python311\Lib\heapq.py first seen with mtime 1686099618.0
File B:\Triversy-Media\studybud\venv\Lib\site-packages\django\contrib\admin\decorators.py first seen with mtime 1690264035.9757633
File B:\Triversy-Media\studybud\venv\Lib\site-packages\django\db\models\functions\mixins.py first seen with mtime 1690264041.130792
File B:\Triversy-Media\studybud\venv\Lib\site-packages\django\db\migrations\state.py first seen with mtime 1690264041.0737908
File B:\Triversy-Media\studybud\venv\Lib\site-packages\sqlparse\filters\aligned_indent.py first seen with mtime 1690264034.2039986
File B:\Triversy-Media\studybud\venv\Lib\site-packages\django\views\decorators\common.py first seen with mtime 1690264041.3687937
File B:\Triversy-Media\studybud\venv\Lib\site-packages\django\contrib\sessions\backends\base.py first seen with mtime 1690264039.8438408
File B:\Triversy-Media\studybud\venv\Lib\site-packages\django\core\checks\urls.py first seen with mtime 1690264040.9267907
File C:\Python311\Lib\string.py first seen with mtime 1686099618.0
File B:\Triversy-Media\studybud\venv\Lib\site-packages\django\core\cache\backends\__init__.py first seen with mtime 1690264040.9117906
File B:\Triversy-Media\studybud\venv\Lib\site-packages\django\template\response.py first seen with mtime 1690264041.2757921
File C:\Python311\Lib\email\mime\message.py first seen with mtime 1686099618.0
File B:\Triversy-Media\studybud\venv\Lib\site-packages\django\db\models\functions\comparison.py first seen with mtime 1690264041.1237924
File B:\Triversy-Media\studybud\venv\Lib\site-packages\django\template\defaultfilters.py first seen with mtime 1690264041.26579
File C:\Python311\Lib\functools.py first seen with mtime 1686099618.0
File C:\Python311\Lib\pprint.py first seen with mtime 1686099618.0
File C:\Python311\Lib\encodings\cp1252.py first seen with mtime 1686099618.0
File C:\Python311\Lib\asyncio\protocols.py first seen with mtime 1686099618.0
File B:\Triversy-Media\studybud\venv\Lib\site-packages\django\utils\text.py first seen with mtime 1690264041.3457909
File B:\Triversy-Media\studybud\venv\Lib\site-packages\django\contrib\contenttypes\checks.py first seen with mtime 1690264038.2108405
File C:\Python311\DLLs\_asyncio.pyd first seen with mtime 1686099718.0
File C:\Python311\Lib\concurrent\futures\__init__.py first seen with mtime 1686099618.0
File B:\Triversy-Media\studybud\venv\Lib\site-packages\django\db\models\sql\where.py first seen with mtime 1690264041.1437924
File C:\Python311\Lib\email\_encoded_words.py first seen with mtime 1686099618.0
File B:\Triversy-Media\studybud\venv\Lib\site-packages\sqlparse\lexer.py first seen with mtime 1690264034.1960196
File B:\Triversy-Media\studybud\venv\Lib\site-packages\django\core\handlers\exception.py first seen with mtime 1690264040.9487891
File B:\Triversy-Media\studybud\venv\Lib\site-packages\django\utils\autoreload.py first seen with mtime 1690264041.3107893
File B:\Triversy-Media\studybud\venv\Lib\site-packages\django\db\backends\sqlite3\creation.py first seen with mtime 1690264041.0537913
File B:\Triversy-Media\studybud\venv\Lib\site-packages\django\middleware\cache.py first seen with mtime 1690264041.2547922
File C:\Python311\Lib\encodings\aliases.py first seen with mtime 1686099618.0
File B:\Triversy-Media\studybud\venv\Lib\site-packages\sqlparse\__init__.py first seen with mtime 1690264034.1909976
File C:\Python311\Lib\tempfile.py first seen with mtime 1686099618.0
File B:\Triversy-Media\studybud\venv\Lib\site-packages\django\core\serializers\base.py first seen with mtime 1690264040.9897904
File B:\Triversy-Media\studybud\venv\Lib\site-packages\django\db\models\enums.py first seen with mtime 1690264041.0917916
File B:\Triversy-Media\studybud\venv\Lib\site-packages\sqlparse\exceptions.py first seen with mtime 1690264034.1939988
File C:\Python311\Lib\asyncio\base_tasks.py first seen with mtime 1686099618.0
File B:\Triversy-Media\studybud\venv\Lib\site-packages\sqlparse\engine\__init__.py first seen with mtime 1690264034.1999972
File B:\Triversy-Media\studybud\venv\Lib\site-packages\django\db\__init__.py first seen with mtime 1690264040.9967918
File B:\Triversy-Media\studybud\venv\Lib\site-packages\django\contrib\auth\admin.py first seen with mtime 1690264037.0827658
File B:\Triversy-Media\studybud\venv\Lib\site-packages\django\db\backends\base\creation.py first seen with mtime 1690264041.0067954
File B:\Triversy-Media\studybud\venv\Lib\site-packages\django\utils\ipv6.py first seen with mtime 1690264041.3307924
File C:\Python311\Lib\asyncio\events.py first seen with mtime 1686099618.0
File B:\Triversy-Media\studybud\venv\Lib\site-packages\django\views\defaults.py first seen with mtime 1690264041.3627923
File C:\Python311\Lib\zoneinfo\__init__.py first seen with mtime 1686099618.0
File C:\Python311\Lib\__future__.py first seen with mtime 1686099618.0
File B:\Triversy-Media\studybud\venv\Lib\site-packages\django\template\utils.py first seen with mtime 1690264041.2777896
File C:\Python311\Lib\socketserver.py first seen with mtime 1686099618.0
File B:\Triversy-Media\studybud\venv\Lib\site-packages\django\core\servers\__init__.py first seen with mtime 1690264040.9947915
File B:\Triversy-Media\studybud\venv\Lib\site-packages\django\core\signing.py first seen with mtime 1690264040.9077892
File B:\Triversy-Media\studybud\venv\Lib\site-packages\django\contrib\admin\models.py first seen with mtime 1690264035.9807613
File C:\Python311\Lib\json\decoder.py first seen with mtime 1686099618.0
File B:\Triversy-Media\studybud\venv\Lib\site-packages\django\contrib\contenttypes\management\__init__.py first seen with mtime 1690264038.4498403
File B:\Triversy-Media\studybud\venv\Lib\site-packages\django\utils\safestring.py first seen with mtime 1690264041.3437915
File C:\Python311\Lib\logging\handlers.py first seen with mtime 1686099618.0
File B:\Triversy-Media\studybud\venv\Lib\site-packages\django\conf\locale\__init__.py first seen with mtime 1690264035.5437598
File B:\Triversy-Media\studybud\venv\Lib\site-packages\django\contrib\admin\views\__init__.py first seen with mtime 1690264036.8327632
File B:\Triversy-Media\studybud\venv\Lib\site-packages\django\core\files\utils.py first seen with mtime 1690264040.939791
File C:\Python311\DLLs\_sqlite3.pyd first seen with mtime 1686099694.0
File B:\Triversy-Media\studybud\venv\Lib\site-packages\django\contrib\contenttypes\forms.py first seen with mtime 1690264038.2118385
File C:\Python311\Lib\hmac.py first seen with mtime 1686099618.0
File B:\Triversy-Media\studybud\venv\Lib\site-packages\django\contrib\staticfiles\views.py first seen with mtime 1690264040.8957922
File B:\Triversy-Media\studybud\venv\Lib\site-packages\django\templatetags\static.py first seen with mtime 1690264041.291792
File B:\Triversy-Media\studybud\venv\Lib\site-packages\django\utils\html.py first seen with mtime 1690264041.3287935
File B:\Triversy-Media\studybud\venv\Lib\site-packages\django\contrib\admin\sites.py first seen with mtime 1690264035.9877622
File B:\Triversy-Media\studybud\venv\Lib\site-packages\django\forms\utils.py first seen with mtime 1690264041.156793
File B:\Triversy-Media\studybud\venv\Lib\site-packages\django\utils\lorem_ipsum.py first seen with mtime 1690264041.33779
File C:\Python311\Lib\email\_header_value_parser.py first seen with mtime 1686099618.0
File C:\Python311\Lib\inspect.py first seen with mtime 1686099618.0
File B:\Triversy-Media\studybud\venv\Lib\site-packages\django\core\checks\security\sessions.py first seen with mtime 1690264040.9307897
File B:\Triversy-Media\studybud\venv\Lib\site-packages\django\contrib\auth\apps.py first seen with mtime 1690264037.0837662
File B:\Triversy-Media\studybud\venv\Lib\site-packages\django\db\models\fields\related_lookups.py first seen with mtime 1690264041.1177976
File C:\Python311\Lib\http\__init__.py first seen with mtime 1686099618.0
File B:\Triversy-Media\studybud\venv\Lib\site-packages\django\db\models\utils.py first seen with mtime 1690264041.1067927
File B:\Triversy-Media\studybud\venv\Lib\site-packages\django\apps\config.py first seen with mtime 1690264035.5337622
File C:\Python311\Lib\uuid.py first seen with mtime 1686099618.0
File B:\Triversy-Media\studybud\venv\Lib\site-packages\django\contrib\admin\widgets.py first seen with mtime 1690264035.9917645
File C:\Python311\Lib\ctypes\_endian.py first seen with mtime 1686099618.0
File B:\Triversy-Media\studybud\venv\Lib\site-packages\django\db\models\aggregates.py first seen with mtime 1690264041.084793
File C:\Python311\Lib\email\__init__.py first seen with mtime 1686099618.0
File B:\Triversy-Media\studybud\venv\Lib\site-packages\django\db\models\functions\window.py first seen with mtime 1690264041.133796
File B:\Triversy-Media\studybud\venv\Lib\site-packages\django\utils\tree.py first seen with mtime 1690264041.35079
File B:\Triversy-Media\studybud\venv\Lib\site-packages\django\core\management\commands\runserver.py first seen with mtime 1690264040.9787908
File C:\Python311\Lib\tokenize.py first seen with mtime 1686099618.0
File C:\Python311\Lib\_compat_pickle.py first seen with mtime 1686099618.0
File C:\Python311\Lib\contextlib.py first seen with mtime 1686099618.0
File C:\Python311\Lib\wsgiref\headers.py first seen with mtime 1686099618.0
File B:\Triversy-Media\studybud\venv\Lib\site-packages\django\db\backends\__init__.py first seen with mtime 1690264040.999791
File B:\Triversy-Media\studybud\venv\Lib\site-packages\sqlparse\filters\reindent.py first seen with mtime 1690264034.206004
File B:\Triversy-Media\studybud\venv\Lib\site-packages\django\contrib\sessions\models.py first seen with mtime 1690264039.840839
File C:\Python311\Lib\email\quoprimime.py first seen with mtime 1686099618.0
File C:\Python311\Lib\importlib\_abc.py first seen with mtime 1686099618.0
File B:\Triversy-Media\studybud\venv\Lib\site-packages\django\utils\_os.py first seen with mtime 1690264041.3087893
File C:\Python311\Lib\re\__init__.py first seen with mtime 1686099618.0
File C:\Python311\Lib\urllib\__init__.py first seen with mtime 1686099618.0
File C:\Python311\Lib\subprocess.py first seen with mtime 1686099618.0
File C:\Python311\Lib\asyncio\coroutines.py first seen with mtime 1686099618.0
File B:\Triversy-Media\studybud\venv\Lib\site-packages\django\db\models\indexes.py first seen with mtime 1690264041.0947936
File B:\Triversy-Media\studybud\base\views.py first seen with mtime 1690959430.4086206
File B:\Triversy-Media\studybud\venv\Lib\site-packages\django\views\decorators\debug.py first seen with mtime 1690264041.3697932
File C:\Python311\Lib\pickle.py first seen with mtime 1686099618.0
File C:\Python311\Lib\collections\__init__.py first seen with mtime 1686099618.0
File B:\Triversy-Media\studybud\venv\Lib\site-packages\django\db\models\sql\__init__.py first seen with mtime 1690264041.1367946
File B:\Triversy-Media\studybud\venv\Lib\site-packages\django\core\servers\basehttp.py first seen with mtime 1690264040.995791
File B:\Triversy-Media\studybud\venv\Lib\site-packages\django\utils\cache.py first seen with mtime 1690264041.3127892
File B:\Triversy-Media\studybud\venv\Lib\site-packages\django\http\response.py first seen with mtime 1690264041.2527914
File B:\Triversy-Media\studybud\venv\Lib\site-packages\django\utils\__init__.py first seen with mtime 1690264041.3077888
File B:\Triversy-Media\studybud\venv\Lib\site-packages\django\db\backends\sqlite3\_functions.py first seen with mtime 1690264041.050794
File B:\Triversy-Media\studybud\venv\Lib\site-packages\django\forms\forms.py first seen with mtime 1690264041.15179
File B:\Triversy-Media\studybud\venv\Lib\site-packages\sqlparse\engine\statement_splitter.py first seen with mtime 1690264034.2019978
File B:\Triversy-Media\studybud\venv\Lib\site-packages\django\core\files\move.py first seen with mtime 1690264040.9357903
File B:\Triversy-Media\studybud\venv\Lib\site-packages\django\core\files\uploadhandler.py first seen with mtime 1690264040.9387903
File B:\Triversy-Media\studybud\venv\Lib\site-packages\django\views\generic\detail.py first seen with mtime 1690264041.3767917
File B:\Triversy-Media\studybud\venv\Lib\site-packages\django\contrib\admin\__init__.py first seen with mtime 1690264035.9657645
File B:\Triversy-Media\studybud\venv\Lib\site-packages\django\forms\models.py first seen with mtime 1690264041.1547866
File B:\Triversy-Media\studybud\venv\Lib\site-packages\django\db\models\functions\math.py first seen with mtime 1690264041.1297925
File C:\Python311\Lib\asyncio\mixins.py first seen with mtime 1686099618.0
File B:\Triversy-Media\studybud\venv\Lib\site-packages\django\http\multipartparser.py first seen with mtime 1690264041.2507908
File B:\Triversy-Media\studybud\venv\Lib\site-packages\django\template\loader_tags.py first seen with mtime 1690264041.2747939
File B:\Triversy-Media\studybud\venv\Lib\site-packages\django\contrib\messages\storage\__init__.py first seen with mtime 1690264039.3958426
File C:\Python311\DLLs\_ssl.pyd first seen with mtime 1686099694.0
File B:\Triversy-Media\studybud\venv\Lib\site-packages\django\core\files\uploadedfile.py first seen with mtime 1690264040.9378028
File C:\Python311\Lib\email\policy.py first seen with mtime 1686099618.0
File C:\Python311\DLLs\unicodedata.pyd first seen with mtime 1686099696.0
File B:\Triversy-Media\studybud\venv\Lib\site-packages\django\middleware\csrf.py first seen with mtime 1690264041.257791
File C:\Python311\Lib\json\scanner.py first seen with mtime 1686099618.0
File B:\Triversy-Media\studybud\venv\Lib\site-packages\django\utils\timezone.py first seen with mtime 1690264041.348791
File C:\Python311\Lib\urllib\response.py first seen with mtime 1686099618.0
File C:\Python311\Lib\encodings\__init__.py first seen with mtime 1686099618.0
File B:\Triversy-Media\studybud\venv\Lib\site-packages\django\contrib\auth\backends.py first seen with mtime 1690264037.0847645
File B:\Triversy-Media\studybud\venv\Lib\site-packages\django\views\decorators\cache.py first seen with mtime 1690264041.3667936
File B:\Triversy-Media\studybud\venv\Lib\site-packages\django\core\files\storage\memory.py first seen with mtime 1690264040.9447896
File B:\Triversy-Media\studybud\venv\Lib\site-packages\django\template\loaders\base.py first seen with mtime 1690264041.2857916
File B:\Triversy-Media\studybud\venv\Lib\site-packages\django\template\loaders\cached.py first seen with mtime 1690264041.2857916
File B:\Triversy-Media\studybud\venv\Lib\site-packages\django\utils\dateformat.py first seen with mtime 1690264041.3157897
File C:\Python311\Lib\zoneinfo\_tzpath.py first seen with mtime 1686099618.0
File B:\Triversy-Media\studybud\venv\Lib\site-packages\django\forms\renderers.py first seen with mtime 1690264041.156793
File B:\Triversy-Media\studybud\venv\Lib\site-packages\django\core\handlers\wsgi.py first seen with mtime 1690264040.9487891
File B:\Triversy-Media\studybud\venv\Lib\site-packages\django\utils\asyncio.py first seen with mtime 1690264041.3097906
File B:\Triversy-Media\studybud\base\admin.py first seen with mtime 1690288619.937855
File B:\Triversy-Media\studybud\venv\Lib\site-packages\django\core\cache\backends\base.py first seen with mtime 1690264040.9127889
File B:\Triversy-Media\studybud\venv\Lib\site-packages\django\forms\formsets.py first seen with mtime 1690264041.1527886
File B:\Triversy-Media\studybud\venv\Lib\site-packages\sqlparse\filters\right_margin.py first seen with mtime 1690264034.206004
File B:\Triversy-Media\studybud\venv\Lib\site-packages\django\db\backends\base\validation.py first seen with mtime 1690264041.0117924
File B:\Triversy-Media\studybud\venv\Lib\site-packages\django\db\migrations\__init__.py first seen with mtime 1690264041.0597916
File C:\Python311\Lib\email\encoders.py first seen with mtime 1686099618.0
File B:\Triversy-Media\studybud\venv\Lib\site-packages\django\forms\widgets.py first seen with mtime 1690264041.158792
File B:\Triversy-Media\studybud\venv\Lib\site-packages\django\db\models\fields\__init__.py first seen with mtime 1690264041.1087906
File B:\Triversy-Media\studybud\venv\Lib\site-packages\django\utils\dateparse.py first seen with mtime 1690264041.3167908
File B:\Triversy-Media\studybud\venv\Lib\site-packages\django\utils\regex_helper.py first seen with mtime 1690264041.3427901
File B:\Triversy-Media\studybud\venv\Lib\site-packages\django\core\mail\__init__.py first seen with mtime 1690264040.9497907
File B:\Triversy-Media\studybud\venv\Lib\site-packages\django\db\migrations\exceptions.py first seen with mtime 1690264041.0617955
File C:\Python311\Lib\ipaddress.py first seen with mtime 1686099618.0
File C:\Python311\Lib\asyncio\format_helpers.py first seen with mtime 1686099618.0
File B:\Triversy-Media\studybud\venv\Lib\site-packages\django\contrib\admin\templatetags\admin_urls.py first seen with mtime 1690264036.829763
File B:\Triversy-Media\studybud\venv\Lib\site-packages\django\views\i18n.py first seen with mtime 1690264041.3637934
File C:\Python311\Lib\email\mime\nonmultipart.py first seen with mtime 1686099618.0
File C:\Python311\Lib\sqlite3\__init__.py first seen with mtime 1686099618.0
File B:\Triversy-Media\studybud\venv\Lib\site-packages\django\contrib\sessions\__init__.py first seen with mtime 1690264039.8368428
File B:\Triversy-Media\studybud\venv\Lib\site-packages\django\template\smartif.py first seen with mtime 1690264041.2767923
File C:\Python311\Lib\email\generator.py first seen with mtime 1686099618.0
File B:\Triversy-Media\studybud\venv\Lib\site-packages\django\utils\topological_sort.py first seen with mtime 1690264041.349792
File B:\Triversy-Media\studybud\venv\Lib\site-packages\django\template\loaders\__init__.py first seen with mtime 1690264041.2827895
File B:\Triversy-Media\studybud\venv\Lib\site-packages\django\contrib\staticfiles\finders.py first seen with mtime 1690264040.8887925
File C:\Python311\Lib\typing.py first seen with mtime 1686099618.0
File C:\Python311\Lib\asyncio\windows_utils.py first seen with mtime 1686099618.0
File B:\Triversy-Media\studybud\venv\Lib\site-packages\django\core\exceptions.py first seen with mtime 1690264040.9047897
File C:\Python311\Lib\multiprocessing\context.py first seen with mtime 1686099618.0
File B:\Triversy-Media\studybud\venv\Lib\site-packages\django\contrib\contenttypes\views.py first seen with mtime 1690264038.213845
File B:\Triversy-Media\studybud\base\apps.py first seen with mtime 1690264945.865453
File B:\Triversy-Media\studybud\venv\Lib\site-packages\django\conf\urls\__init__.py first seen with mtime 1690264035.962762
File B:\Triversy-Media\studybud\venv\Lib\site-packages\django\contrib\messages\__init__.py first seen with mtime 1690264039.3898394
File B:\Triversy-Media\studybud\venv\Lib\site-packages\django\utils\encoding.py first seen with mtime 1690264041.3237934
File B:\Triversy-Media\studybud\venv\Lib\site-packages\sqlparse\filters\__init__.py first seen with mtime 1690264034.2029977
File C:\Python311\Lib\base64.py first seen with mtime 1686099618.0
File B:\Triversy-Media\studybud\venv\Lib\site-packages\django\template\loader.py first seen with mtime 1690264041.2737918
File B:\Triversy-Media\studybud\venv\Lib\site-packages\django\views\generic\dates.py first seen with mtime 1690264041.3767917
File C:\Python311\Lib\asyncio\threads.py first seen with mtime 1686099618.0
File B:\Triversy-Media\studybud\venv\Lib\site-packages\django\utils\duration.py first seen with mtime 1690264041.3227897
File C:\Python311\Lib\encodings\utf_8.py first seen with mtime 1686099618.0
File C:\Python311\Lib\sqlite3\dbapi2.py first seen with mtime 1686099618.0
File B:\Triversy-Media\studybud\venv\Lib\site-packages\asgiref\current_thread_executor.py first seen with mtime 1690264035.1137648
File B:\Triversy-Media\studybud\venv\Lib\site-packages\django\views\generic\edit.py first seen with mtime 1690264041.3777914
File B:\Triversy-Media\studybud\venv\Lib\site-packages\django\apps\__init__.py first seen with mtime 1690264035.531762
File B:\Triversy-Media\studybud\venv\Lib\site-packages\django\utils\crypto.py first seen with mtime 1690264041.3137896
File C:\Python311\Lib\zoneinfo\_common.py first seen with mtime 1686099618.0
File C:\Python311\Lib\asyncio\proactor_events.py first seen with mtime 1686099618.0
File B:\Triversy-Media\studybud\venv\Lib\site-packages\django\utils\log.py first seen with mtime 1690264041.336793
File B:\Triversy-Media\studybud\venv\Lib\site-packages\django\template\loaders\app_directories.py first seen with mtime 1690264041.2837944
File B:\Triversy-Media\studybud\venv\Lib\site-packages\django\core\checks\files.py first seen with mtime 1690264040.9217892
File C:\Python311\Lib\wsgiref\util.py first seen with mtime 1686099618.0
File C:\Python311\Lib\asyncio\streams.py first seen with mtime 1686099618.0
File B:\Triversy-Media\studybud\venv\Lib\site-packages\django\core\handlers\asgi.py first seen with mtime 1690264040.9467902
File B:\Triversy-Media\studybud\venv\Lib\site-packages\django\contrib\staticfiles\__init__.py first seen with mtime 1690264040.8867886
File B:\Triversy-Media\studybud\venv\Lib\site-packages\django\contrib\staticfiles\management\__init__.py first seen with mtime 1690264040.8957922
File B:\Triversy-Media\studybud\venv\Lib\site-packages\django\template\library.py first seen with mtime 1690264041.2717931
File B:\Triversy-Media\studybud\venv\Lib\site-packages\django\templatetags\tz.py first seen with mtime 1690264041.2927918
File B:\Triversy-Media\studybud\venv\Lib\site-packages\django\utils\inspect.py first seen with mtime 1690264041.3307924
File B:\Triversy-Media\studybud\venv\Lib\site-packages\django\utils\numberformat.py first seen with mtime 1690264041.3407903
File B:\Triversy-Media\studybud\venv\Lib\site-packages\sqlparse\tokens.py first seen with mtime 1690264034.197999
File C:\Python311\Lib\gzip.py first seen with mtime 1686099618.0
File B:\Triversy-Media\studybud\venv\Lib\site-packages\django\contrib\sites\requests.py first seen with mtime 1690264040.0968423
File C:\Python311\Lib\bz2.py first seen with mtime 1686099618.0
File B:\Triversy-Media\studybud\venv\Lib\site-packages\django\db\models\functions\text.py first seen with mtime 1690264041.1317925
File C:\Python311\Lib\email\headerregistry.py first seen with mtime 1686099618.0
File B:\Triversy-Media\studybud\venv\Lib\site-packages\django\views\debug.py first seen with mtime 1690264041.3617938
File B:\Triversy-Media\studybud\venv\Lib\site-packages\django\core\paginator.py first seen with mtime 1690264040.90579
File C:\Python311\Lib\sysconfig.py first seen with mtime 1686099618.0
File B:\Triversy-Media\studybud\venv\Lib\site-packages\django\views\generic\base.py first seen with mtime 1690264041.375792
File B:\Triversy-Media\studybud\venv\Lib\site-packages\django\middleware\__init__.py first seen with mtime 1690264041.2527914
File C:\Python311\Lib\email\_policybase.py first seen with mtime 1686099618.0
File B:\Triversy-Media\studybud\venv\Lib\site-packages\sqlparse\filters\output.py first seen with mtime 1690264034.2050037
File B:\Triversy-Media\studybud\venv\Lib\site-packages\django\template\context.py first seen with mtime 1690264041.2647903
File B:\Triversy-Media\studybud\venv\Lib\site-packages\asgiref\__init__.py first seen with mtime 1690264035.1097667
File B:\Triversy-Media\studybud\venv\Lib\site-packages\django\contrib\auth\checks.py first seen with mtime 1690264037.0867627
File C:\Python311\Lib\fnmatch.py first seen with mtime 1686099618.0
File B:\Triversy-Media\studybud\venv\Lib\site-packages\sqlparse\formatter.py first seen with mtime 1690264034.1939988
File C:\Python311\Lib\asyncio\staggered.py first seen with mtime 1686099618.0
File B:\Triversy-Media\studybud\venv\Lib\site-packages\django\utils\hashable.py first seen with mtime 1690264041.3277922
File B:\Triversy-Media\studybud\venv\Lib\site-packages\django\core\checks\compatibility\__init__.py first seen with mtime 1690264040.9277897
File B:\Triversy-Media\studybud\venv\Lib\site-packages\django\forms\boundfield.py first seen with mtime 1690264041.1487887
File B:\Triversy-Media\studybud\venv\Lib\site-packages\django\utils\dates.py first seen with mtime 1690264041.3167908
File B:\Triversy-Media\studybud\venv\Lib\site-packages\django\db\backends\sqlite3\schema.py first seen with mtime 1690264041.0587914
File C:\Python311\Lib\datetime.py first seen with mtime 1686099618.0
File B:\Triversy-Media\studybud\venv\Lib\site-packages\django\core\files\storage\handler.py first seen with mtime 1690264040.9437916
File C:\Python311\Lib\email\feedparser.py first seen with mtime 1686099618.0
File C:\Python311\Lib\importlib\__init__.py first seen with mtime 1686099618.0
File B:\Triversy-Media\studybud\venv\Lib\site-packages\django\contrib\auth\middleware.py first seen with mtime 1690264037.0927613
File B:\Triversy-Media\studybud\venv\Lib\site-packages\django\contrib\auth\management\__init__.py first seen with mtime 1690264038.1878476
File B:\Triversy-Media\studybud\venv\Lib\site-packages\django\views\decorators\csrf.py first seen with mtime 1690264041.3687937
File B:\Triversy-Media\studybud\base\__init__.py first seen with mtime 1690264945.8894522
File B:\Triversy-Media\studybud\venv\Lib\site-packages\django\db\models\signals.py first seen with mtime 1690264041.103792
File B:\Triversy-Media\studybud\venv\Lib\site-packages\django\core\cache\utils.py first seen with mtime 1690264040.9107907
File B:\Triversy-Media\studybud\venv\Lib\site-packages\django\conf\global_settings.py first seen with mtime 1690264035.5357585
File B:\Triversy-Media\studybud\venv\Lib\site-packages\django\contrib\admin\apps.py first seen with mtime 1690264035.97277
File B:\Triversy-Media\studybud\venv\Lib\site-packages\django\db\backends\sqlite3\base.py first seen with mtime 1690264041.0517912
File C:\Python311\Lib\glob.py first seen with mtime 1686099618.0
File B:\Triversy-Media\studybud\venv\Lib\site-packages\django\contrib\contenttypes\models.py first seen with mtime 1690264038.213845
File C:\Python311\Lib\wsgiref\__init__.py first seen with mtime 1686099618.0
File B:\Triversy-Media\studybud\venv\Lib\site-packages\django\contrib\auth\validators.py first seen with mtime 1690264037.0987637
File B:\Triversy-Media\studybud\venv\Lib\site-packages\django\db\backends\base\schema.py first seen with mtime 1690264041.0117924
File B:\Triversy-Media\studybud\venv\Lib\site-packages\django\core\handlers\base.py first seen with mtime 1690264040.9477918
File B:\Triversy-Media\studybud\venv\Lib\site-packages\django\views\generic\__init__.py first seen with mtime 1690264041.374791
File C:\Python311\Lib\urllib\parse.py first seen with mtime 1686099618.0
File B:\Triversy-Media\studybud\venv\Lib\site-packages\sqlparse\engine\grouping.py first seen with mtime 1690264034.2009983
File C:\Python311\Lib\copy.py first seen with mtime 1686099618.0
File B:\Triversy-Media\studybud\venv\Lib\site-packages\django\db\backends\base\operations.py first seen with mtime 1690264041.0097933
File C:\Python311\Lib\email\mime\multipart.py first seen with mtime 1686099618.0
File B:\Triversy-Media\studybud\venv\Lib\site-packages\django\db\backends\base\base.py first seen with mtime 1690264041.0037878
File C:\Python311\Lib\lzma.py first seen with mtime 1686099618.0
File C:\Python311\Lib\pkgutil.py first seen with mtime 1686099618.0
File B:\Triversy-Media\studybud\studybud\__init__.py first seen with mtime 1690264131.7201948
File B:\Triversy-Media\studybud\venv\Lib\site-packages\django\core\checks\translation.py first seen with mtime 1690264040.9257927
File C:\Python311\Lib\difflib.py first seen with mtime 1686099618.0
File C:\Python311\Lib\decimal.py first seen with mtime 1686099618.0
File C:\Python311\Lib\email\charset.py first seen with mtime 1686099618.0
File B:\Triversy-Media\studybud\venv\Lib\site-packages\sqlparse\sql.py first seen with mtime 1690264034.1969988
File B:\Triversy-Media\studybud\venv\Lib\site-packages\django\db\models\sql\subqueries.py first seen with mtime 1690264041.1427913
File B:\Triversy-Media\studybud\venv\Lib\site-packages\django\db\backends\sqlite3\features.py first seen with mtime 1690264041.0547926
File B:\Triversy-Media\studybud\venv\Lib\site-packages\django\contrib\auth\forms.py first seen with mtime 1690264037.090762
File C:\Python311\Lib\asyncio\selector_events.py first seen with mtime 1686099618.0
File B:\Triversy-Media\studybud\venv\Lib\site-packages\django\contrib\sites\__init__.py first seen with mtime 1690264040.0878406
File B:\Triversy-Media\studybud\venv\Lib\site-packages\django\core\checks\database.py first seen with mtime 1690264040.9207919
File C:\Python311\Lib\dataclasses.py first seen with mtime 1686099618.0
File C:\Python311\Lib\collections\abc.py first seen with mtime 1686099618.0
File B:\Triversy-Media\studybud\venv\Lib\site-packages\django\template\autoreload.py first seen with mtime 1690264041.2627902
File B:\Triversy-Media\studybud\venv\Lib\site-packages\django\template\defaulttags.py first seen with mtime 1690264041.2687936
File B:\Triversy-Media\studybud\venv\Lib\site-packages\django\contrib\staticfiles\management\commands\runserver.py first seen with mtime 1690264040.8997903
File B:\Triversy-Media\studybud\venv\Lib\site-packages\django\db\backends\base\features.py first seen with mtime 1690264041.0077918
File B:\Triversy-Media\studybud\venv\Lib\site-packages\django\db\models\sql\constants.py first seen with mtime 1690264041.1397893
File C:\Python311\Lib\fractions.py first seen with mtime 1686099618.0
File C:\Python311\DLLs\_overlapped.pyd first seen with mtime 1686099694.0
File C:\Python311\Lib\asyncio\base_events.py first seen with mtime 1686099618.0
File B:\Triversy-Media\studybud\venv\Lib\site-packages\django\contrib\auth\base_user.py first seen with mtime 1690264037.085763
File B:\Triversy-Media\studybud\venv\Lib\site-packages\django\contrib\sessions\middleware.py first seen with mtime 1690264039.839839
File B:\Triversy-Media\studybud\venv\Lib\site-packages\django\core\management\base.py first seen with mtime 1690264040.9617891
File B:\Triversy-Media\studybud\venv\Lib\site-packages\django\utils\connection.py first seen with mtime 1690264041.3127892
File B:\Triversy-Media\studybud\venv\Lib\site-packages\django\db\models\query.py first seen with mtime 1690264041.1007943
File C:\Python311\Lib\email\message.py first seen with mtime 1686099618.0
File C:\Python311\Lib\email\mime\text.py first seen with mtime 1686099618.0
File B:\Triversy-Media\studybud\venv\Lib\site-packages\django\db\backends\sqlite3\__init__.py first seen with mtime 1690264041.0497901
File B:\Triversy-Media\studybud\venv\Lib\site-packages\django\contrib\messages\storage\base.py first seen with mtime 1690264039.3968387
File C:\Python311\Lib\gettext.py first seen with mtime 1686099618.0
File B:\Triversy-Media\studybud\venv\Lib\site-packages\django\core\files\storage\mixins.py first seen with mtime 1690264040.9457905
File C:\Python311\Lib\re\_constants.py first seen with mtime 1686099618.0
File B:\Triversy-Media\studybud\venv\Lib\site-packages\django\core\handlers\__init__.py first seen with mtime 1690264040.9457905
File B:\Triversy-Media\studybud\venv\Lib\site-packages\django\contrib\sessions\base_session.py first seen with mtime 1690264039.83884
File B:\Triversy-Media\studybud\venv\Lib\site-packages\django\core\validators.py first seen with mtime 1690264040.9087903
File C:\Python311\Lib\asyncio\tasks.py first seen with mtime 1686099618.0
File C:\Python311\Lib\email\base64mime.py first seen with mtime 1686099618.0
File B:\Triversy-Media\studybud\venv\Lib\site-packages\django\db\backends\base\__init__.py first seen with mtime 1690264041.0027888
File B:\Triversy-Media\studybud\venv\Lib\site-packages\django\contrib\sessions\apps.py first seen with mtime 1690264039.8378396
File B:\Triversy-Media\studybud\venv\Lib\site-packages\django\core\management\color.py first seen with mtime 1690264040.96279
File B:\Triversy-Media\studybud\venv\Lib\site-packages\sqlparse\utils.py first seen with mtime 1690264034.1990004
File B:\Triversy-Media\studybud\venv\Lib\site-packages\django\contrib\auth\hashers.py first seen with mtime 1690264037.091763
File B:\Triversy-Media\studybud\venv\Lib\site-packages\django\core\checks\__init__.py first seen with mtime 1690264040.9187903
File B:\Triversy-Media\studybud\venv\Lib\site-packages\sqlparse\cli.py first seen with mtime 1690264034.1930027
File C:\Python311\DLLs\_ctypes.pyd first seen with mtime 1686099696.0
File B:\Triversy-Media\studybud\venv\Lib\site-packages\django\contrib\staticfiles\checks.py first seen with mtime 1690264040.887789
File B:\Triversy-Media\studybud\venv\Lib\site-packages\django\templatetags\i18n.py first seen with mtime 1690264041.2897925
File B:\Triversy-Media\studybud\venv\Lib\site-packages\django\utils\module_loading.py first seen with mtime 1690264041.338792
File C:\Python311\Lib\secrets.py first seen with mtime 1686099618.0
File C:\Python311\Lib\random.py first seen with mtime 1686099618.0
File B:\Triversy-Media\studybud\venv\Lib\site-packages\django\core\checks\security\csrf.py first seen with mtime 1690264040.9307897
File B:\Triversy-Media\studybud\venv\Lib\site-packages\django\db\utils.py first seen with mtime 1690264040.9987922
File B:\Triversy-Media\studybud\venv\Lib\site-packages\django\contrib\admin\options.py first seen with mtime 1690264035.9827592
File C:\Python311\Lib\_weakrefset.py first seen with mtime 1686099618.0
File C:\Python311\Lib\html\entities.py first seen with mtime 1686099618.0
File C:\Python311\Lib\token.py first seen with mtime 1686099618.0
File B:\Triversy-Media\studybud\venv\Lib\site-packages\django\core\management\commands\__init__.py first seen with mtime 1690264040.9667892
File C:\Python311\Lib\ctypes\wintypes.py first seen with mtime 1686099618.0
File C:\Python311\Lib\email\iterators.py first seen with mtime 1686099618.0
File B:\Triversy-Media\studybud\venv\Lib\site-packages\django\contrib\contenttypes\fields.py first seen with mtime 1690264038.2118385
File B:\Triversy-Media\studybud\venv\Lib\site-packages\django\contrib\messages\apps.py first seen with mtime 1690264039.3918386
File B:\Triversy-Media\studybud\venv\Lib\site-packages\django\contrib\admin\templatetags\base.py first seen with mtime 1690264036.8307636
File B:\Triversy-Media\studybud\venv\Lib\site-packages\sqlparse\engine\filter_stack.py first seen with mtime 1690264034.2009983
File B:\Triversy-Media\studybud\venv\Lib\site-packages\django\contrib\auth\tokens.py first seen with mtime 1690264037.0967622
File B:\Triversy-Media\studybud\venv\Lib\site-packages\django\core\management\__init__.py first seen with mtime 1690264040.9607897
File C:\Python311\Lib\bisect.py first seen with mtime 1686099618.0
File B:\Triversy-Media\studybud\venv\Lib\site-packages\django\urls\__init__.py first seen with mtime 1690264041.3017924
File B:\Triversy-Media\studybud\venv\Lib\site-packages\django\db\migrations\operations\models.py first seen with mtime 1690264041.080794
File C:\Python311\Lib\platform.py first seen with mtime 1686099618.0
File B:\Triversy-Media\studybud\venv\Lib\site-packages\django\contrib\admin\exceptions.py first seen with mtime 1690264035.9767644
File C:\Python311\Lib\multiprocessing\__init__.py first seen with mtime 1686099618.0
File B:\Triversy-Media\studybud\venv\Lib\site-packages\django\urls\exceptions.py first seen with mtime 1690264041.3047922
File B:\Triversy-Media\studybud\venv\Lib\site-packages\django\db\models\functions\__init__.py first seen with mtime 1690264041.1217947
File B:\Triversy-Media\studybud\venv\Lib\site-packages\django\db\models\deletion.py first seen with mtime 1690264041.0897927
File B:\Triversy-Media\studybud\venv\Lib\site-packages\django\db\models\sql\datastructures.py first seen with mtime 1690264041.1407907
File B:\Triversy-Media\studybud\venv\Lib\site-packages\django\contrib\contenttypes\__init__.py first seen with mtime 1690264038.207841
File B:\Triversy-Media\studybud\venv\Lib\site-packages\django\contrib\staticfiles\apps.py first seen with mtime 1690264040.887789
File C:\Python311\Lib\http\client.py first seen with mtime 1686099618.0
File B:\Triversy-Media\studybud\manage.py first seen with mtime 1690264131.6751716
File C:\Python311\DLLs\_lzma.pyd first seen with mtime 1686099694.0
File B:\Triversy-Media\studybud\venv\Lib\site-packages\_distutils_hack\__init__.py first seen with mtime 1690264004.439703
File B:\Triversy-Media\studybud\venv\Lib\site-packages\django\utils\datastructures.py first seen with mtime 1690264041.3147888
File B:\Triversy-Media\studybud\venv\Lib\site-packages\django\views\decorators\__init__.py first seen with mtime 1690264041.3657918
File B:\Triversy-Media\studybud\venv\Lib\site-packages\django\templatetags\l10n.py first seen with mtime 1690264041.29079
File B:\Triversy-Media\studybud\venv\Lib\site-packages\django\contrib\staticfiles\handlers.py first seen with mtime 1690264040.8897903
File C:\Python311\Lib\asyncio\locks.py first seen with mtime 1686099618.0
File C:\Python311\Lib\http\cookies.py first seen with mtime 1686099618.0
File C:\Python311\Lib\struct.py first seen with mtime 1686099618.0
File B:\Triversy-Media\studybud\venv\Lib\site-packages\django\db\models\expressions.py first seen with mtime 1690264041.0937908
File B:\Triversy-Media\studybud\venv\Lib\site-packages\django\contrib\admin\helpers.py first seen with mtime 1690264035.9807613
File C:\Python311\Lib\signal.py first seen with mtime 1686099618.0
File B:\Triversy-Media\studybud\venv\Lib\site-packages\django\contrib\admin\templatetags\__init__.py first seen with mtime 1690264036.8267653
File C:\Python311\Lib\concurrent\__init__.py first seen with mtime 1686099618.0
File B:\Triversy-Media\studybud\venv\Lib\site-packages\django\http\cookie.py first seen with mtime 1690264041.24879
File C:\Python311\Lib\email\utils.py first seen with mtime 1686099618.0
File B:\Triversy-Media\studybud\base\urls.py first seen with mtime 1690958527.4054606
File B:\Triversy-Media\studybud\venv\Lib\site-packages\django\http\request.py first seen with mtime 1690264041.2517903
File C:\Python311\Lib\json\__init__.py first seen with mtime 1686099618.0
File B:\Triversy-Media\studybud\venv\Lib\site-packages\django\urls\resolvers.py first seen with mtime 1690264041.3057919
File C:\Python311\Lib\contextvars.py first seen with mtime 1686099618.0
File B:\Triversy-Media\studybud\venv\Lib\site-packages\django\contrib\messages\constants.py first seen with mtime 1690264039.3918386
File B:\Triversy-Media\studybud\venv\Lib\site-packages\django\views\csrf.py first seen with mtime 1690264041.3607917
File C:\Python311\Lib\re\_casefix.py first seen with mtime 1686099618.0
File B:\Triversy-Media\studybud\venv\Lib\site-packages\django\db\backends\utils.py first seen with mtime 1690264041.0017898
File B:\Triversy-Media\studybud\venv\Lib\site-packages\asgiref\sync.py first seen with mtime 1690264035.1237624
File C:\Python311\Lib\statistics.py first seen with mtime 1686099618.0
File B:\Triversy-Media\studybud\venv\Lib\site-packages\django\core\mail\message.py first seen with mtime 1690264040.9507937
File B:\Triversy-Media\studybud\venv\Lib\site-packages\django\db\models\fields\reverse_related.py first seen with mtime 1690264041.1188262
File C:\Python311\Lib\operator.py first seen with mtime 1686099618.0
File B:\Triversy-Media\studybud\venv\Lib\site-packages\django\template\__init__.py first seen with mtime 1690264041.2617903
File B:\Triversy-Media\studybud\studybud\urls.py first seen with mtime 1690377018.012695
File C:\Python311\Lib\email\contentmanager.py first seen with mtime 1686099618.0
File B:\Triversy-Media\studybud\venv\Lib\site-packages\django\db\models\base.py first seen with mtime 1690264041.0867913
File C:\Python311\Lib\email\parser.py first seen with mtime 1686099618.0
File B:\Triversy-Media\studybud\venv\Lib\site-packages\django\core\files\storage\filesystem.py first seen with mtime 1690264040.9427924
File C:\Python311\DLLs\_hashlib.pyd first seen with mtime 1686099694.0
File B:\Triversy-Media\studybud\venv\Lib\site-packages\django\forms\fields.py first seen with mtime 1690264041.1507916
File C:\Python311\Lib\threading.py first seen with mtime 1686099618.0
File B:\Triversy-Media\studybud\venv\Lib\site-packages\django\db\migrations\operations\fields.py first seen with mtime 1690264041.0787926
File C:\Python311\Lib\concurrent\futures\thread.py first seen with mtime 1686099618.0
File B:\Triversy-Media\studybud\venv\Lib\site-packages\django\contrib\admin\templatetags\admin_modify.py first seen with mtime 1690264036.8287609
File B:\Triversy-Media\studybud\venv\Lib\site-packages\django\contrib\auth\password_validation.py first seen with mtime 1690264037.0947607
File C:\Python311\Lib\types.py first seen with mtime 1686099618.0
File B:\Triversy-Media\studybud\venv\Lib\site-packages\django\core\files\__init__.py first seen with mtime 1690264040.9317892
File B:\Triversy-Media\studybud\venv\Lib\site-packages\django\db\transaction.py first seen with mtime 1690264040.997791
File B:\Triversy-Media\studybud\base\forms.py first seen with mtime 1690820987.2952719
File C:\Python311\Lib\mimetypes.py first seen with mtime 1686099618.0
File B:\Triversy-Media\studybud\venv\Lib\site-packages\django\contrib\auth\signals.py first seen with mtime 1690264037.095759
File B:\Triversy-Media\studybud\venv\Lib\site-packages\django\core\files\temp.py first seen with mtime 1690264040.9357903
File B:\Triversy-Media\studybud\venv\Lib\site-packages\django\contrib\sites\shortcuts.py first seen with mtime 1690264040.0978422
File B:\Triversy-Media\studybud\venv\Lib\site-packages\django\db\models\constants.py first seen with mtime 1690264041.0877917
File C:\Python311\Lib\wsgiref\handlers.py first seen with mtime 1686099618.0
File C:\Python311\Lib\argparse.py first seen with mtime 1686099618.0
File B:\Triversy-Media\studybud\venv\Lib\site-packages\django\apps\registry.py first seen with mtime 1690264035.5347612
File C:\Python311\DLLs\_zoneinfo.pyd first seen with mtime 1686099696.0
File C:\Python311\Lib\email\mime\__init__.py first seen with mtime 1686099618.0
File B:\Triversy-Media\studybud\venv\Lib\site-packages\django\forms\__init__.py first seen with mtime 1690264041.1477888
File B:\Triversy-Media\studybud\venv\Lib\site-packages\django\core\checks\security\__init__.py first seen with mtime 1690264040.928789
File C:\Python311\Lib\logging\config.py first seen with mtime 1686099618.0
File C:\Python311\Lib\asyncio\timeouts.py first seen with mtime 1686099618.0
File B:\Triversy-Media\studybud\venv\Lib\site-packages\django\db\migrations\operations\__init__.py first seen with mtime 1690264041.0767925
File B:\Triversy-Media\studybud\venv\Lib\site-packages\django\template\backends\base.py first seen with mtime 1690264041.278796
File C:\Python311\Lib\re\_parser.py first seen with mtime 1686099618.0
File B:\Triversy-Media\studybud\venv\Lib\site-packages\django\db\models\options.py first seen with mtime 1690264041.0987926
File B:\Triversy-Media\studybud\venv\Lib\site-packages\django\views\generic\list.py first seen with mtime 1690264041.378792
File B:\Triversy-Media\studybud\venv\Lib\site-packages\django\db\models\__init__.py first seen with mtime 1690264041.083791
File C:\Python311\Lib\selectors.py first seen with mtime 1686099618.0
File B:\Triversy-Media\studybud\venv\Lib\site-packages\django\contrib\admin\actions.py first seen with mtime 1690264035.9708033
File B:\Triversy-Media\studybud\venv\Lib\site-packages\django\db\models\fields\related.py first seen with mtime 1690264041.1137931
File B:\Triversy-Media\studybud\venv\Lib\site-packages\django\contrib\admin\checks.py first seen with mtime 1690264035.973761
File C:\Python311\Lib\html\__init__.py first seen with mtime 1686099618.0
File B:\Triversy-Media\studybud\venv\Lib\site-packages\django\db\models\fields\proxy.py first seen with mtime 1690264041.1127903
File C:\Python311\Lib\asyncio\taskgroups.py first seen with mtime 1686099618.0
File C:\Python311\DLLs\select.pyd first seen with mtime 1686099694.0
File B:\Triversy-Media\studybud\venv\Lib\site-packages\django\__init__.py first seen with mtime 1690264035.5297618
File B:\Triversy-Media\studybud\venv\Lib\site-packages\django\dispatch\__init__.py first seen with mtime 1690264041.1447878
File C:\Python311\Lib\numbers.py first seen with mtime 1686099618.0
File B:\Triversy-Media\studybud\venv\Lib\site-packages\django\middleware\security.py first seen with mtime 1690264041.2607894
File B:\Triversy-Media\studybud\venv\Lib\site-packages\django\contrib\contenttypes\admin.py first seen with mtime 1690264038.2088375
File B:\Triversy-Media\studybud\venv\Lib\site-packages\django\db\models\fields\mixins.py first seen with mtime 1690264041.1117895
File B:\Triversy-Media\studybud\venv\Lib\site-packages\django\core\signals.py first seen with mtime 1690264040.9067893
File B:\Triversy-Media\studybud\venv\Lib\site-packages\django\core\checks\compatibility\django_4_0.py first seen with mtime 1690264040.9277897
File B:\Triversy-Media\studybud\venv\Lib\site-packages\django\contrib\admin\views\main.py first seen with mtime 1690264036.83676
File B:\Triversy-Media\studybud\venv\Lib\site-packages\django\core\files\storage\__init__.py first seen with mtime 1690264040.940789
File B:\Triversy-Media\studybud\venv\Lib\site-packages\django\db\migrations\utils.py first seen with mtime 1690264041.0747921
File B:\Triversy-Media\studybud\venv\Lib\site-packages\django\utils\translation\reloader.py first seen with mtime 1690264041.3537948
File B:\Triversy-Media\studybud\venv\Lib\site-packages\django\contrib\admin\templatetags\log.py first seen with mtime 1690264036.8317614
File B:\Triversy-Media\studybud\venv\Lib\site-packages\django\template\backends\__init__.py first seen with mtime 1690264041.2777896
File C:\Python311\DLLs\_socket.pyd first seen with mtime 1686099694.0
File B:\Triversy-Media\studybud\venv\Lib\site-packages\django\core\serializers\json.py first seen with mtime 1690264040.9897904
File B:\Triversy-Media\studybud\venv\Lib\site-packages\django\core\mail\utils.py first seen with mtime 1690264040.9517934
File C:\Python311\Lib\urllib\error.py first seen with mtime 1686099618.0
File C:\Python311\Lib\queue.py first seen with mtime 1686099618.0
File B:\Triversy-Media\studybud\venv\Lib\site-packages\django\contrib\sessions\backends\__init__.py first seen with mtime 1690264039.842838
File B:\Triversy-Media\studybud\venv\Lib\site-packages\django\db\backends\sqlite3\operations.py first seen with mtime 1690264041.0567894
File C:\Python311\Lib\asyncio\constants.py first seen with mtime 1686099618.0
File B:\Triversy-Media\studybud\venv\Lib\site-packages\django\db\models\fields\related_descriptors.py first seen with mtime 1690264041.1157877
File C:\Python311\Lib\warnings.py first seen with mtime 1686099618.0
File B:\Triversy-Media\studybud\venv\Lib\site-packages\django\core\cache\backends\filebased.py first seen with mtime 1690264040.9147897
File C:\Python311\Lib\copyreg.py first seen with mtime 1686099618.0
File B:\Triversy-Media\studybud\venv\Lib\site-packages\django\core\wsgi.py first seen with mtime 1690264040.9087903
File C:\Python311\Lib\asyncio\base_futures.py first seen with mtime 1686099618.0
File B:\Triversy-Media\studybud\venv\Lib\site-packages\django\utils\itercompat.py first seen with mtime 1690264041.3337922
File C:\Python311\DLLs\_uuid.pyd first seen with mtime 1686099694.0
File B:\Triversy-Media\studybud\venv\Lib\site-packages\django\views\__init__.py first seen with mtime 1690264041.3597913
File B:\Triversy-Media\studybud\venv\Lib\site-packages\django\contrib\contenttypes\apps.py first seen with mtime 1690264038.2098396
File B:\Triversy-Media\studybud\venv\Lib\site-packages\django\utils\deprecation.py first seen with mtime 1690264041.3217902
File B:\Triversy-Media\studybud\venv\Lib\site-packages\django\core\cache\backends\locmem.py first seen with mtime 1690264040.9157894
File B:\Triversy-Media\studybud\venv\Lib\site-packages\django\core\files\locks.py first seen with mtime 1690264040.9347882
File C:\Python311\Lib\shutil.py first seen with mtime 1686099618.0
File B:\Triversy-Media\studybud\venv\Lib\site-packages\django\contrib\messages\utils.py first seen with mtime 1690264039.394841
File B:\Triversy-Media\studybud\venv\Lib\site-packages\django\contrib\admin\filters.py first seen with mtime 1690264035.9787629
File C:\Python311\Lib\email\header.py first seen with mtime 1686099618.0
File C:\Python311\Lib\asyncio\__init__.py first seen with mtime 1686099618.0
File C:\Python311\Lib\calendar.py first seen with mtime 1686099618.0
File C:\Python311\Lib\re\_compiler.py first seen with mtime 1686099618.0
File B:\Triversy-Media\studybud\venv\Lib\site-packages\asgiref\local.py first seen with mtime 1690264035.1147635
File C:\Python311\Lib\asyncio\exceptions.py first seen with mtime 1686099618.0
File B:\Triversy-Media\studybud\venv\Lib\site-packages\django\contrib\auth\models.py first seen with mtime 1690264037.0937626
File C:\Python311\Lib\enum.py first seen with mtime 1686099618.0
File B:\Triversy-Media\studybud\venv\Lib\site-packages\django\utils\http.py first seen with mtime 1690264041.3297927
File C:\Python311\Lib\nturl2path.py first seen with mtime 1686099618.0
File C:\Python311\Lib\socket.py first seen with mtime 1686099618.0
File B:\Triversy-Media\studybud\venv\Lib\site-packages\django\core\serializers\__init__.py first seen with mtime 1690264040.988791
File B:\Triversy-Media\studybud\venv\Lib\site-packages\django\urls\base.py first seen with mtime 1690264041.3027923
File B:\Triversy-Media\studybud\venv\Lib\site-packages\django\db\models\fields\files.py first seen with mtime 1690264041.1097896
File B:\Triversy-Media\studybud\venv\Lib\site-packages\django\contrib\staticfiles\utils.py first seen with mtime 1690264040.894792
File B:\Triversy-Media\studybud\venv\Lib\site-packages\django\core\files\images.py first seen with mtime 1690264040.9337895
File B:\Triversy-Media\studybud\venv\Lib\site-packages\django\dispatch\dispatcher.py first seen with mtime 1690264041.1457906
File B:\Triversy-Media\studybud\venv\Lib\site-packages\django\http\__init__.py first seen with mtime 1690264041.2477903
File B:\Triversy-Media\studybud\studybud\settings.py first seen with mtime 1690960284.0256393
File C:\Python311\Lib\keyword.py first seen with mtime 1686099618.0
File B:\Triversy-Media\studybud\venv\Lib\site-packages\django\core\checks\registry.py first seen with mtime 1690264040.9237902
File B:\Triversy-Media\studybud\venv\Lib\site-packages\django\db\backends\ddl_references.py first seen with mtime 1690264041.0007908
File C:\Python311\Lib\textwrap.py first seen with mtime 1686099618.0
File C:\Python311\Lib\ctypes\__init__.py first seen with mtime 1686099618.0
File C:\Python311\Lib\asyncio\queues.py first seen with mtime 1686099618.0
File B:\Triversy-Media\studybud\venv\Lib\site-packages\django\db\migrations\migration.py first seen with mtime 1690264041.0687897
File C:\Python311\Lib\opcode.py first seen with mtime 1686099618.0
File B:\Triversy-Media\studybud\venv\Lib\site-packages\django\core\checks\templates.py first seen with mtime 1690264040.9247909
File B:\Triversy-Media\studybud\venv\Lib\site-packages\django\urls\conf.py first seen with mtime 1690264041.30379
File C:\Python311\Lib\asyncio\base_subprocess.py first seen with mtime 1686099618.0
File C:\Python311\Lib\weakref.py first seen with mtime 1686099618.0
File B:\Triversy-Media\studybud\venv\Lib\site-packages\django\db\backends\sqlite3\introspection.py first seen with mtime 1690264041.055792
File B:\Triversy-Media\studybud\venv\Lib\site-packages\django\template\engine.py first seen with mtime 1690264041.2697947
File C:\Python311\Lib\email\errors.py first seen with mtime 1686099618.0
File B:\Triversy-Media\studybud\venv\Lib\site-packages\django\contrib\staticfiles\management\commands\__init__.py first seen with mtime 1690264040.8967896
File C:\Python311\Lib\ssl.py first seen with mtime 1686099618.0
File B:\Triversy-Media\studybud\venv\Lib\site-packages\django\db\migrations\operations\special.py first seen with mtime 1690264041.0817926
File C:\Python311\DLLs\_bz2.pyd first seen with mtime 1686099696.0
File B:\Triversy-Media\studybud\venv\Lib\site-packages\django\contrib\admin\views\autocomplete.py first seen with mtime 1690264036.8347633
File C:\Python311\Lib\multiprocessing\reduction.py first seen with mtime 1686099618.0
File C:\Python311\Lib\linecache.py first seen with mtime 1686099618.0
File C:\Python311\Lib\pathlib.py first seen with mtime 1686099618.0
File B:\Triversy-Media\studybud\venv\Lib\site-packages\django\utils\translation\__init__.py first seen with mtime 1690264041.3537948
File B:\Triversy-Media\studybud\templates\main.html first seen with mtime 1690267888.935224
File B:\Triversy-Media\studybud\templates\navbar.html first seen with mtime 1690958461.1263635
File B:\Triversy-Media\studybud\base\templates\base first seen with mtime 1690958155.9754095
File B:\Triversy-Media\studybud\base\templates\base\delete.html first seen with mtime 1690820987.3052714
File B:\Triversy-Media\studybud\base\templates\base\home.html first seen with mtime 1690820987.3062727
File B:\Triversy-Media\studybud\base\templates\base\login_register.html first seen with mtime 1690958385.5705485
File B:\Triversy-Media\studybud\base\templates\base\room.html first seen with mtime 1690272390.0798664
File B:\Triversy-Media\studybud\base\templates\base\room_form.html first seen with mtime 1690820987.307273
File B:\Triversy-Media\studybud\venv\Lib\site-packages\django\contrib\auth\migrations\0003_alter_user_email_max_length.py first seen with mtime 1690264038.1938438
File B:\Triversy-Media\studybud\venv\Lib\site-packages\django\contrib\admin\migrations\0003_logentry_add_action_flag_choices.py first seen with mtime 1690264036.5387652
File B:\Triversy-Media\studybud\venv\Lib\site-packages\django\contrib\auth\migrations\__init__.py first seen with mtime 1690264038.2038455
File B:\Triversy-Media\studybud\venv\Lib\site-packages\django\db\migrations\loader.py first seen with mtime 1690264041.064791
File B:\Triversy-Media\studybud\venv\Lib\site-packages\django\contrib\auth\migrations\0002_alter_permission_name_max_length.py first seen with mtime 1690264038.1938438
File C:\Python311\Lib\stringprep.py first seen with mtime 1686099618.0
File B:\Triversy-Media\studybud\base\migrations\0001_initial.py first seen with mtime 1690288331.2443938
File B:\Triversy-Media\studybud\venv\Lib\site-packages\django\db\migrations\graph.py first seen with mtime 1690264041.0637903
File B:\Triversy-Media\studybud\venv\Lib\site-packages\django\contrib\contenttypes\migrations\0002_remove_content_type_name.py first seen with mtime 1690264038.4568427
File B:\Triversy-Media\studybud\venv\Lib\site-packages\django\middleware\clickjacking.py first seen with mtime 1690264041.2557912
File B:\Triversy-Media\studybud\venv\Lib\site-packages\django\contrib\auth\migrations\0006_require_contenttypes_0002.py first seen with mtime 1690264038.196839
File B:\Triversy-Media\studybud\studybud\wsgi.py first seen with mtime 1690264131.7151728
File B:\Triversy-Media\studybud\base\migrations\__init__.py first seen with mtime 1690264945.8944397
File B:\Triversy-Media\studybud\venv\Lib\site-packages\django\contrib\admin\migrations\0002_logentry_remove_auto_add.py first seen with mtime 1690264036.5378044
File B:\Triversy-Media\studybud\venv\Lib\site-packages\django\contrib\auth\migrations\0005_alter_user_last_login_null.py first seen with mtime 1690264038.1958408
File B:\Triversy-Media\studybud\venv\Lib\site-packages\django\contrib\sessions\exceptions.py first seen with mtime 1690264039.83884
File C:\Python311\Lib\encodings\idna.py first seen with mtime 1686099618.0
File B:\Triversy-Media\studybud\venv\Lib\site-packages\django\contrib\admin\migrations\0001_initial.py first seen with mtime 1690264036.5357695
File B:\Triversy-Media\studybud\venv\Lib\site-packages\django\db\migrations\recorder.py first seen with mtime 1690264041.07079
File B:\Triversy-Media\studybud\venv\Lib\site-packages\django\db\models\sql\compiler.py first seen with mtime 1690264041.13879
File B:\Triversy-Media\studybud\venv\Lib\site-packages\django\contrib\auth\migrations\0009_alter_user_last_name_max_length.py first seen with mtime 1690264038.1988387
File B:\Triversy-Media\studybud\venv\Lib\site-packages\django\contrib\contenttypes\migrations\0001_initial.py first seen with mtime 1690264038.4558396
File B:\Triversy-Media\studybud\venv\Lib\site-packages\django\contrib\admin\migrations\__init__.py first seen with mtime 1690264036.5397646
File B:\Triversy-Media\studybud\venv\Lib\site-packages\django\contrib\messages\middleware.py first seen with mtime 1690264039.3938408
File B:\Triversy-Media\studybud\venv\Lib\site-packages\django\contrib\auth\migrations\0011_update_proxy_permissions.py first seen with mtime 1690264038.2018442
File B:\Triversy-Media\studybud\venv\Lib\site-packages\django\contrib\auth\migrations\0007_alter_validators_add_error_messages.py first seen with mtime 1690264038.1978388
File B:\Triversy-Media\studybud\venv\Lib\site-packages\django\contrib\contenttypes\migrations\__init__.py first seen with mtime 1690264038.4568427
File B:\Triversy-Media\studybud\venv\Lib\site-packages\django\contrib\auth\migrations\0004_alter_user_username_opts.py first seen with mtime 1690264038.194841
File B:\Triversy-Media\studybud\venv\Lib\site-packages\django\contrib\auth\migrations\0012_alter_user_first_name_max_length.py first seen with mtime 1690264038.2028403
File B:\Triversy-Media\studybud\venv\Lib\site-packages\django\db\migrations\executor.py first seen with mtime 1690264041.0627892
File B:\Triversy-Media\studybud\venv\Lib\site-packages\django\contrib\sessions\migrations\0001_initial.py first seen with mtime 1690264040.077841
File B:\Triversy-Media\studybud\base\migrations\0002_topic_room_host_message_room_topic.py first seen with mtime 1690288581.3573728
File B:\Triversy-Media\studybud\venv\Lib\site-packages\django\contrib\auth\migrations\0008_alter_user_username_max_length.py first seen with mtime 1690264038.1978388
File B:\Triversy-Media\studybud\venv\Lib\site-packages\django\contrib\sessions\backends\db.py first seen with mtime 1690264039.846846
File B:\Triversy-Media\studybud\venv\Lib\site-packages\django\middleware\common.py first seen with mtime 1690264041.2567909
File B:\Triversy-Media\studybud\venv\Lib\site-packages\django\contrib\auth\migrations\0001_initial.py first seen with mtime 1690264038.1918397
File B:\Triversy-Media\studybud\venv\Lib\site-packages\django\contrib\auth\migrations\0010_alter_group_name_max_length.py first seen with mtime 1690264038.2008388
File B:\Triversy-Media\studybud\venv\Lib\site-packages\django\contrib\sessions\migrations\__init__.py first seen with mtime 1690264040.0788417
(0.000) SELECT COUNT(*) AS "__count" FROM "base_room" LEFT OUTER JOIN "base_topic" ON ("base_room"."topic_id" = "base_topic"."id") LEFT OUTER JOIN "auth_user" ON ("base_room"."host_id" = "auth_user"."id") WHERE ("base_topic"."name" LIKE '%%' ESCAPE '\' OR "base_room"."name" LIKE '%%' ESCAPE '\' OR "base_room"."description" LIKE '%%' ESCAPE '\' OR "auth_user"."username" LIKE '%%' ESCAPE '\'); args=('%%', '%%', '%%', '%%'); alias=default
(0.000) SELECT "base_topic"."id", "base_topic"."name" FROM "base_topic"; args=(); alias=default
(0.000) SELECT "base_room"."id", "base_room"."host_id", "base_room"."topic_id", "base_room"."name", "base_room"."description", "base_room"."updated", "base_room"."created" FROM "base_room" LEFT OUTER JOIN "base_topic" ON ("base_room"."topic_id" = "base_topic"."id") LEFT OUTER JOIN "auth_user" ON ("base_room"."host_id" = "auth_user"."id") WHERE ("base_topic"."name" LIKE '%%' ESCAPE '\' OR "base_room"."name" LIKE '%%' ESCAPE '\' OR "base_room"."description" LIKE '%%' ESCAPE '\' OR "auth_user"."username" LIKE '%%' ESCAPE '\') ORDER BY "base_room"."updated" DESC, "base_room"."created" DESC; args=('%%', '%%', '%%', '%%'); alias=default
(0.000) SELECT "auth_user"."id", "auth_user"."password", "auth_user"."last_login", "auth_user"."is_superuser", "auth_user"."username", "auth_user"."first_name", "auth_user"."last_name", "auth_user"."email", "auth_user"."is_staff", "auth_user"."is_active", "auth_user"."date_joined" FROM "auth_user" WHERE "auth_user"."id" = 1 LIMIT 21; args=(1,); alias=default
(0.000) SELECT "base_topic"."id", "base_topic"."name" FROM "base_topic" WHERE "base_topic"."id" = 1 LIMIT 21; args=(1,); alias=default
(0.000) SELECT "auth_user"."id", "auth_user"."password", "auth_user"."last_login", "auth_user"."is_superuser", "auth_user"."username", "auth_user"."first_name", "auth_user"."last_name", "auth_user"."email", "auth_user"."is_staff", "auth_user"."is_active", "auth_user"."date_joined" FROM "auth_user" WHERE "auth_user"."id" = 1 LIMIT 21; args=(1,); alias=default
(0.000) SELECT "base_topic"."id", "base_topic"."name" FROM "base_topic" WHERE "base_topic"."id" = 4 LIMIT 21; args=(4,); alias=default
(0.000) SELECT "auth_user"."id", "auth_user"."password", "auth_user"."last_login", "auth_user"."is_superuser", "auth_user"."username", "auth_user"."first_name", "auth_user"."last_name", "auth_user"."email", "auth_user"."is_staff", "auth_user"."is_active", "auth_user"."date_joined" FROM "auth_user" WHERE "auth_user"."id" = 1 LIMIT 21; args=(1,); alias=default
(0.000) SELECT "base_topic"."id", "base_topic"."name" FROM "base_topic" WHERE "base_topic"."id" = 2 LIMIT 21; args=(2,); alias=default
"GET / HTTP/1.1" 200 2335
File B:\Triversy-Media\studybud\venv\Lib\site-packages\django\template\context_processors.py first seen with mtime 1690264041.2647903
File B:\Triversy-Media\studybud\venv\Lib\site-packages\django\contrib\messages\storage\cookie.py first seen with mtime 1690264039.3978388
File B:\Triversy-Media\studybud\venv\Lib\site-packages\django\contrib\messages\storage\fallback.py first seen with mtime 1690264039.3988402
File B:\Triversy-Media\studybud\venv\Lib\site-packages\django\contrib\messages\storage\session.py first seen with mtime 1690264039.3998394
File B:\Triversy-Media\studybud\venv\Lib\site-packages\django\contrib\auth\context_processors.py first seen with mtime 1690264037.0887644
File B:\Triversy-Media\studybud\venv\Lib\site-packages\django\contrib\sessions\serializers.py first seen with mtime 1690264039.8418386
File B:\Triversy-Media\studybud\venv\Lib\site-packages\django\conf\locale\en\__init__.py first seen with mtime 1690264035.6137607
File B:\Triversy-Media\studybud\venv\Lib\site-packages\django\contrib\messages\context_processors.py first seen with mtime 1690264039.392842
File B:\Triversy-Media\studybud\venv\Lib\site-packages\django\conf\locale\en\formats.py first seen with mtime 1690264035.61476
"GET /login HTTP/1.1" 200 920
"POST /login HTTP/1.1" 200 920
File B:\Triversy-Media\studybud\studybud\settings.py previous mtime: 1690960284.0256393, current mtime: 1690960652.7103868
B:\Triversy-Media\studybud\studybud\settings.py notified as changed. Signal results: [(<function template_changed at 0x0000021A59EDB740>, None), (<function translation_file_changed at 0x0000021A5B000400>, None)].
B:\Triversy-Media\studybud\studybud\settings.py changed, reloading.
